<?xml version="1.0"?>
<psalm
        errorLevel="4"
        resolveFromConfigFile="true"
        xmlns:xsi="http://www.w3.org/2001/XMLSchema-instance"
        xmlns="https://getpsalm.org/schema/config"
        xsi:schemaLocation="https://getpsalm.org/schema/config vendor/vimeo/psalm/config.xsd"
>
    <projectFiles>
        <directory name="src"/>
        <directory name="tests"/>
    </projectFiles>
    <plugins>
        <pluginClass class="Psalm\PhpUnitPlugin\Plugin"/>
        <pluginClass class="Psalm\SymfonyPsalmPlugin\Plugin"/>
    </plugins>
    <issueHandlers>
        <UndefinedMethod>
            <errorLevel type="suppress">
                <file name="tests/EffectsTest.php" />
                <referencedMethod name="DOMNode::getattribute" />
            </errorLevel>
        </UndefinedMethod>
        <LessSpecificImplementedReturnType>
            <errorLevel type="suppress">
                <directory name="src" />
            </errorLevel>
        </LessSpecificImplementedReturnType>
        <RedundantCondition>
            <errorLevel type="suppress">
                <file name="tests/ImagineTest.php" />
            </errorLevel>
        </RedundantCondition>
    </issueHandlers>
</psalm>
